1575845976029	mozrunner::runner	INFO	Running command: "/usr/bin/firefox" "-marionette" "-headless" "-foreground" "-no-remote" "-profile" "/tmp/rust_mozprofileUS076J"
*** You are running in headless mode.
1575845984231	addons.webextension.screenshots@mozilla.org	WARN	Loading extension 'screenshots@mozilla.org': Reading manifest: Invalid extension permission: mozillaAddons
1575845984231	addons.webextension.screenshots@mozilla.org	WARN	Loading extension 'screenshots@mozilla.org': Reading manifest: Invalid extension permission: telemetry
1575845984232	addons.webextension.screenshots@mozilla.org	WARN	Loading extension 'screenshots@mozilla.org': Reading manifest: Invalid extension permission: resource://pdf.js/
1575845984232	addons.webextension.screenshots@mozilla.org	WARN	Loading extension 'screenshots@mozilla.org': Reading manifest: Invalid extension permission: about:reader*
1575845998150	Marionette	INFO	Listening on port 34788
1575845998196	Marionette	WARN	TLS certificate errors will be ignored for this session
1575846002857	Marionette	INFO	Stopped listening on port 34788
JavaScript error: resource://activity-stream/lib/ActivityStreamPrefs.jsm, line 27: NS_ERROR_ILLEGAL_VALUE: Component returned failure code: 0x80070057 (NS_ERROR_ILLEGAL_VALUE) [nsIPrefBranch.removeObserver]
JavaScript error: resource://gre/modules/UrlClassifierListManager.jsm, line 680: TypeError: this.tablesData[table] is undefined
1575846243394	mozrunner::runner	INFO	Running command: "/usr/bin/firefox" "-marionette" "-headless" "-foreground" "-no-remote" "-profile" "/tmp/rust_mozprofileyJy2qg"
*** You are running in headless mode.
1575846245614	addons.webextension.screenshots@mozilla.org	WARN	Loading extension 'screenshots@mozilla.org': Reading manifest: Invalid extension permission: mozillaAddons
1575846245615	addons.webextension.screenshots@mozilla.org	WARN	Loading extension 'screenshots@mozilla.org': Reading manifest: Invalid extension permission: telemetry
1575846245615	addons.webextension.screenshots@mozilla.org	WARN	Loading extension 'screenshots@mozilla.org': Reading manifest: Invalid extension permission: resource://pdf.js/
1575846245615	addons.webextension.screenshots@mozilla.org	WARN	Loading extension 'screenshots@mozilla.org': Reading manifest: Invalid extension permission: about:reader*
1575846250265	Marionette	INFO	Listening on port 43258
1575846250313	Marionette	WARN	TLS certificate errors will be ignored for this session
1575846252906	Marionette	INFO	Stopped listening on port 43258
JavaScript error: resource://activity-stream/lib/ActivityStreamPrefs.jsm, line 27: NS_ERROR_ILLEGAL_VALUE: Component returned failure code: 0x80070057 (NS_ERROR_ILLEGAL_VALUE) [nsIPrefBranch.removeObserver]
JavaScript error: resource://services-settings/RemoteSettingsClient.jsm, line 149: Error: Unknown callback
JavaScript error: resource://gre/modules/UrlClassifierListManager.jsm, line 680: TypeError: this.tablesData[table] is undefined
1575846476681	mozrunner::runner	INFO	Running command: "/usr/bin/firefox" "-marionette" "-headless" "-foreground" "-no-remote" "-profile" "/tmp/rust_mozprofile90fUuZ"
*** You are running in headless mode.
1575846478234	addons.webextension.screenshots@mozilla.org	WARN	Loading extension 'screenshots@mozilla.org': Reading manifest: Invalid extension permission: mozillaAddons
1575846478235	addons.webextension.screenshots@mozilla.org	WARN	Loading extension 'screenshots@mozilla.org': Reading manifest: Invalid extension permission: telemetry
1575846478235	addons.webextension.screenshots@mozilla.org	WARN	Loading extension 'screenshots@mozilla.org': Reading manifest: Invalid extension permission: resource://pdf.js/
1575846478235	addons.webextension.screenshots@mozilla.org	WARN	Loading extension 'screenshots@mozilla.org': Reading manifest: Invalid extension permission: about:reader*
1575846482060	Marionette	INFO	Listening on port 34339
1575846482097	Marionette	WARN	TLS certificate errors will be ignored for this session
1575846484274	Marionette	INFO	Stopped listening on port 34339
JavaScript error: resource://gre/modules/UrlClassifierListManager.jsm, line 680: TypeError: this.tablesData[table] is undefined
1575846512074	mozrunner::runner	INFO	Running command: "/usr/bin/firefox" "-marionette" "-headless" "-foreground" "-no-remote" "-profile" "/tmp/rust_mozprofileh42Xaw"
*** You are running in headless mode.
1575846512918	addons.webextension.screenshots@mozilla.org	WARN	Loading extension 'screenshots@mozilla.org': Reading manifest: Invalid extension permission: mozillaAddons
1575846512919	addons.webextension.screenshots@mozilla.org	WARN	Loading extension 'screenshots@mozilla.org': Reading manifest: Invalid extension permission: telemetry
1575846512919	addons.webextension.screenshots@mozilla.org	WARN	Loading extension 'screenshots@mozilla.org': Reading manifest: Invalid extension permission: resource://pdf.js/
1575846512919	addons.webextension.screenshots@mozilla.org	WARN	Loading extension 'screenshots@mozilla.org': Reading manifest: Invalid extension permission: about:reader*
1575846516613	Marionette	INFO	Listening on port 41664
1575846516687	Marionette	WARN	TLS certificate errors will be ignored for this session
1575846519091	Marionette	INFO	Stopped listening on port 41664
JavaScript error: resource://gre/modules/UrlClassifierListManager.jsm, line 680: TypeError: this.tablesData[table] is undefined
1575848308692	mozrunner::runner	INFO	Running command: "/usr/bin/firefox" "-marionette" "-headless" "-foreground" "-no-remote" "-profile" "/tmp/rust_mozprofile4c0KF1"
*** You are running in headless mode.
1575848312482	addons.webextension.screenshots@mozilla.org	WARN	Loading extension 'screenshots@mozilla.org': Reading manifest: Invalid extension permission: mozillaAddons
1575848312482	addons.webextension.screenshots@mozilla.org	WARN	Loading extension 'screenshots@mozilla.org': Reading manifest: Invalid extension permission: telemetry
1575848312483	addons.webextension.screenshots@mozilla.org	WARN	Loading extension 'screenshots@mozilla.org': Reading manifest: Invalid extension permission: resource://pdf.js/
1575848312483	addons.webextension.screenshots@mozilla.org	WARN	Loading extension 'screenshots@mozilla.org': Reading manifest: Invalid extension permission: about:reader*
1575848318896	Marionette	INFO	Listening on port 33323
1575848318961	Marionette	WARN	TLS certificate errors will be ignored for this session
1575848359772	Marionette	INFO	Stopped listening on port 33323
JavaScript error: resource:///modules/ContentMetaHandler.jsm, line 162: NS_ERROR_NOT_INITIALIZED: 
console.error: (new Error("Transaction canceled due to a closed connection.", "resource://gre/modules/Sqlite.jsm", 613))
console.error: (new Error("Transaction canceled due to a closed connection.", "resource://gre/modules/Sqlite.jsm", 613))
console.error: (new Error("Transaction canceled due to a closed connection.", "resource://gre/modules/Sqlite.jsm", 613))
1575848444366	mozrunner::runner	INFO	Running command: "/usr/bin/firefox" "-marionette" "-headless" "-foreground" "-no-remote" "-profile" "/tmp/rust_mozprofileMF9t3U"
*** You are running in headless mode.
1575848445282	addons.webextension.screenshots@mozilla.org	WARN	Loading extension 'screenshots@mozilla.org': Reading manifest: Invalid extension permission: mozillaAddons
1575848445283	addons.webextension.screenshots@mozilla.org	WARN	Loading extension 'screenshots@mozilla.org': Reading manifest: Invalid extension permission: telemetry
1575848445283	addons.webextension.screenshots@mozilla.org	WARN	Loading extension 'screenshots@mozilla.org': Reading manifest: Invalid extension permission: resource://pdf.js/
1575848445283	addons.webextension.screenshots@mozilla.org	WARN	Loading extension 'screenshots@mozilla.org': Reading manifest: Invalid extension permission: about:reader*
1575848448528	Marionette	INFO	Listening on port 43924
1575848448577	Marionette	WARN	TLS certificate errors will be ignored for this session
1575848454622	Marionette	INFO	Stopped listening on port 43924
1575848508490	mozrunner::runner	INFO	Running command: "/usr/bin/firefox" "-marionette" "-headless" "-foreground" "-no-remote" "-profile" "/tmp/rust_mozprofile0CctKa"
*** You are running in headless mode.
1575848509247	addons.webextension.screenshots@mozilla.org	WARN	Loading extension 'screenshots@mozilla.org': Reading manifest: Invalid extension permission: mozillaAddons
1575848509247	addons.webextension.screenshots@mozilla.org	WARN	Loading extension 'screenshots@mozilla.org': Reading manifest: Invalid extension permission: telemetry
1575848509247	addons.webextension.screenshots@mozilla.org	WARN	Loading extension 'screenshots@mozilla.org': Reading manifest: Invalid extension permission: resource://pdf.js/
1575848509248	addons.webextension.screenshots@mozilla.org	WARN	Loading extension 'screenshots@mozilla.org': Reading manifest: Invalid extension permission: about:reader*
1575848512516	Marionette	INFO	Listening on port 36284
1575848512601	Marionette	WARN	TLS certificate errors will be ignored for this session
1575848546153	Marionette	INFO	Stopped listening on port 36284
[Parent 29644, Gecko_IOThread] WARNING: pipe error (60): Connection reset by peer: file /build/firefox-hE9N0Y/firefox-70.0.1+build1/ipc/chromium/src/chrome/common/ipc_channel_posix.cc, line 358
console.error: (new Error("Transaction canceled due to a closed connection.", "resource://gre/modules/Sqlite.jsm", 613))
console.error: (new Error("Transaction canceled due to a closed connection.", "resource://gre/modules/Sqlite.jsm", 613))
console.error: (new Error("Transaction canceled due to a closed connection.", "resource://gre/modules/Sqlite.jsm", 613))
JavaScript error: , line 0: UnknownError: The operation failed for reasons unrelated to the database itself and not covered by any other error code.
1575848873011	mozrunner::runner	INFO	Running command: "/usr/bin/firefox" "-marionette" "-headless" "-foreground" "-no-remote" "-profile" "/tmp/rust_mozprofile7V5qLI"
*** You are running in headless mode.
1575848873768	addons.webextension.screenshots@mozilla.org	WARN	Loading extension 'screenshots@mozilla.org': Reading manifest: Invalid extension permission: mozillaAddons
1575848873768	addons.webextension.screenshots@mozilla.org	WARN	Loading extension 'screenshots@mozilla.org': Reading manifest: Invalid extension permission: telemetry
1575848873768	addons.webextension.screenshots@mozilla.org	WARN	Loading extension 'screenshots@mozilla.org': Reading manifest: Invalid extension permission: resource://pdf.js/
1575848873769	addons.webextension.screenshots@mozilla.org	WARN	Loading extension 'screenshots@mozilla.org': Reading manifest: Invalid extension permission: about:reader*
1575848877013	Marionette	INFO	Listening on port 41978
1575848877025	Marionette	WARN	TLS certificate errors will be ignored for this session
1575848916479	Marionette	INFO	Stopped listening on port 41978
console.error: (new Error("Transaction canceled due to a closed connection.", "resource://gre/modules/Sqlite.jsm", 613))
console.error: (new Error("Transaction canceled due to a closed connection.", "resource://gre/modules/Sqlite.jsm", 613))
console.error: (new Error("Transaction canceled due to a closed connection.", "resource://gre/modules/Sqlite.jsm", 613))
JavaScript error: , line 0: UnknownError: The operation failed for reasons unrelated to the database itself and not covered by any other error code.
1575849072879	mozrunner::runner	INFO	Running command: "/usr/bin/firefox" "-marionette" "-headless" "-foreground" "-no-remote" "-profile" "/tmp/rust_mozprofileevEUiK"
*** You are running in headless mode.
1575849073652	addons.webextension.screenshots@mozilla.org	WARN	Loading extension 'screenshots@mozilla.org': Reading manifest: Invalid extension permission: mozillaAddons
1575849073652	addons.webextension.screenshots@mozilla.org	WARN	Loading extension 'screenshots@mozilla.org': Reading manifest: Invalid extension permission: telemetry
1575849073653	addons.webextension.screenshots@mozilla.org	WARN	Loading extension 'screenshots@mozilla.org': Reading manifest: Invalid extension permission: resource://pdf.js/
1575849073653	addons.webextension.screenshots@mozilla.org	WARN	Loading extension 'screenshots@mozilla.org': Reading manifest: Invalid extension permission: about:reader*
1575849077128	Marionette	INFO	Listening on port 41043
1575849077192	Marionette	WARN	TLS certificate errors will be ignored for this session
1575849085568	Marionette	INFO	Stopped listening on port 41043
1576074530318	mozrunner::runner	INFO	Running command: "/usr/bin/firefox" "-marionette" "-headless" "-foreground" "-no-remote" "-profile" "/tmp/rust_mozprofileSGj45s"
*** You are running in headless mode.
1576074534395	addons.webextension.screenshots@mozilla.org	WARN	Loading extension 'screenshots@mozilla.org': Reading manifest: Invalid extension permission: mozillaAddons
1576074534396	addons.webextension.screenshots@mozilla.org	WARN	Loading extension 'screenshots@mozilla.org': Reading manifest: Invalid extension permission: telemetry
1576074534396	addons.webextension.screenshots@mozilla.org	WARN	Loading extension 'screenshots@mozilla.org': Reading manifest: Invalid extension permission: resource://pdf.js/
1576074534396	addons.webextension.screenshots@mozilla.org	WARN	Loading extension 'screenshots@mozilla.org': Reading manifest: Invalid extension permission: about:reader*
1576074542771	Marionette	INFO	Listening on port 46376
1576074542868	Marionette	WARN	TLS certificate errors will be ignored for this session
1576074611985	Marionette	INFO	Stopped listening on port 46376
[Parent 7674, Gecko_IOThread] WARNING: pipe error (59): Connection reset by peer: file /build/firefox-hE9N0Y/firefox-70.0.1+build1/ipc/chromium/src/chrome/common/ipc_channel_posix.cc, line 358
console.error: (new Error("Transaction canceled due to a closed connection.", "resource://gre/modules/Sqlite.jsm", 613))
console.error: (new Error("Transaction canceled due to a closed connection.", "resource://gre/modules/Sqlite.jsm", 613))
console.error: (new Error("Transaction canceled due to a closed connection.", "resource://gre/modules/Sqlite.jsm", 613))
1576081407562	mozrunner::runner	INFO	Running command: "/usr/bin/firefox" "-marionette" "-headless" "-foreground" "-no-remote" "-profile" "/tmp/rust_mozprofilepJayCW"
*** You are running in headless mode.
1576081408729	addons.webextension.screenshots@mozilla.org	WARN	Loading extension 'screenshots@mozilla.org': Reading manifest: Invalid extension permission: mozillaAddons
1576081408730	addons.webextension.screenshots@mozilla.org	WARN	Loading extension 'screenshots@mozilla.org': Reading manifest: Invalid extension permission: telemetry
1576081408730	addons.webextension.screenshots@mozilla.org	WARN	Loading extension 'screenshots@mozilla.org': Reading manifest: Invalid extension permission: resource://pdf.js/
1576081408730	addons.webextension.screenshots@mozilla.org	WARN	Loading extension 'screenshots@mozilla.org': Reading manifest: Invalid extension permission: about:reader*
1576081412459	Marionette	INFO	Listening on port 34302
1576081412500	Marionette	WARN	TLS certificate errors will be ignored for this session
1576081443301	mozrunner::runner	INFO	Running command: "/usr/bin/firefox" "-marionette" "-headless" "-foreground" "-no-remote" "-profile" "/tmp/rust_mozprofilezDRih9"
*** You are running in headless mode.
1576081444257	addons.webextension.screenshots@mozilla.org	WARN	Loading extension 'screenshots@mozilla.org': Reading manifest: Invalid extension permission: mozillaAddons
1576081444257	addons.webextension.screenshots@mozilla.org	WARN	Loading extension 'screenshots@mozilla.org': Reading manifest: Invalid extension permission: telemetry
1576081444257	addons.webextension.screenshots@mozilla.org	WARN	Loading extension 'screenshots@mozilla.org': Reading manifest: Invalid extension permission: resource://pdf.js/
1576081444257	addons.webextension.screenshots@mozilla.org	WARN	Loading extension 'screenshots@mozilla.org': Reading manifest: Invalid extension permission: about:reader*
1576081448131	Marionette	INFO	Listening on port 39405
1576081448222	Marionette	WARN	TLS certificate errors will be ignored for this session
1576081451045	Marionette	INFO	Stopped listening on port 39405

###!!! [Child][RunMessage] Error: Channel closing: too late to send/recv, messages will be lost

JavaScript error: resource://gre/modules/UrlClassifierListManager.jsm, line 680: TypeError: this.tablesData[table] is undefined
1576082228022	mozrunner::runner	INFO	Running command: "/usr/bin/firefox" "-marionette" "-headless" "-foreground" "-no-remote" "-profile" "/tmp/rust_mozprofileDS6cYx"
*** You are running in headless mode.
1576082228786	addons.webextension.screenshots@mozilla.org	WARN	Loading extension 'screenshots@mozilla.org': Reading manifest: Invalid extension permission: mozillaAddons
1576082228787	addons.webextension.screenshots@mozilla.org	WARN	Loading extension 'screenshots@mozilla.org': Reading manifest: Invalid extension permission: telemetry
1576082228787	addons.webextension.screenshots@mozilla.org	WARN	Loading extension 'screenshots@mozilla.org': Reading manifest: Invalid extension permission: resource://pdf.js/
1576082228787	addons.webextension.screenshots@mozilla.org	WARN	Loading extension 'screenshots@mozilla.org': Reading manifest: Invalid extension permission: about:reader*
1576082232038	Marionette	INFO	Listening on port 39467
1576082232134	Marionette	WARN	TLS certificate errors will be ignored for this session
1576082236173	Marionette	INFO	Stopped listening on port 39467
JavaScript error: resource://gre/modules/UrlClassifierListManager.jsm, line 680: TypeError: this.tablesData[table] is undefined
1576082306264	mozrunner::runner	INFO	Running command: "/usr/bin/firefox" "-marionette" "-headless" "-foreground" "-no-remote" "-profile" "/tmp/rust_mozprofileOf6TjQ"
*** You are running in headless mode.
1576082307003	addons.webextension.screenshots@mozilla.org	WARN	Loading extension 'screenshots@mozilla.org': Reading manifest: Invalid extension permission: mozillaAddons
1576082307004	addons.webextension.screenshots@mozilla.org	WARN	Loading extension 'screenshots@mozilla.org': Reading manifest: Invalid extension permission: telemetry
1576082307004	addons.webextension.screenshots@mozilla.org	WARN	Loading extension 'screenshots@mozilla.org': Reading manifest: Invalid extension permission: resource://pdf.js/
1576082307004	addons.webextension.screenshots@mozilla.org	WARN	Loading extension 'screenshots@mozilla.org': Reading manifest: Invalid extension permission: about:reader*
1576082310198	Marionette	INFO	Listening on port 41918
1576082310276	Marionette	WARN	TLS certificate errors will be ignored for this session
1576082314953	Marionette	INFO	Stopped listening on port 41918
console.error: (new Error("Transaction canceled due to a closed connection.", "resource://gre/modules/Sqlite.jsm", 613))
1576082540404	Marionette	INFO	Stopped listening on port 34302
1576442157101	mozrunner::runner	INFO	Running command: "/usr/bin/firefox" "-marionette" "-headless" "-foreground" "-no-remote" "-profile" "/tmp/rust_mozprofilewNPz5r"
*** You are running in headless mode.
1576442163901	addons.webextension.screenshots@mozilla.org	WARN	Loading extension 'screenshots@mozilla.org': Reading manifest: Invalid extension permission: mozillaAddons
1576442163901	addons.webextension.screenshots@mozilla.org	WARN	Loading extension 'screenshots@mozilla.org': Reading manifest: Invalid extension permission: telemetry
1576442163901	addons.webextension.screenshots@mozilla.org	WARN	Loading extension 'screenshots@mozilla.org': Reading manifest: Invalid extension permission: resource://pdf.js/
1576442163901	addons.webextension.screenshots@mozilla.org	WARN	Loading extension 'screenshots@mozilla.org': Reading manifest: Invalid extension permission: about:reader*
1576442177482	Marionette	INFO	Listening on port 35594
1576442177514	Marionette	WARN	TLS certificate errors will be ignored for this session
1576442243186	mozrunner::runner	INFO	Running command: "/usr/bin/firefox" "-marionette" "-headless" "-foreground" "-no-remote" "-profile" "/tmp/rust_mozprofileZvqew0"
*** You are running in headless mode.
1576442244533	addons.webextension.screenshots@mozilla.org	WARN	Loading extension 'screenshots@mozilla.org': Reading manifest: Invalid extension permission: mozillaAddons
1576442244533	addons.webextension.screenshots@mozilla.org	WARN	Loading extension 'screenshots@mozilla.org': Reading manifest: Invalid extension permission: telemetry
1576442244535	addons.webextension.screenshots@mozilla.org	WARN	Loading extension 'screenshots@mozilla.org': Reading manifest: Invalid extension permission: resource://pdf.js/
1576442244535	addons.webextension.screenshots@mozilla.org	WARN	Loading extension 'screenshots@mozilla.org': Reading manifest: Invalid extension permission: about:reader*
1576442249805	Marionette	INFO	Listening on port 37925
1576442249911	Marionette	WARN	TLS certificate errors will be ignored for this session
1576442257021	Marionette	INFO	Stopped listening on port 37925
1576442268219	mozrunner::runner	INFO	Running command: "/usr/bin/firefox" "-marionette" "-headless" "-foreground" "-no-remote" "-profile" "/tmp/rust_mozprofileZkuOgZ"
*** You are running in headless mode.
1576442269168	addons.webextension.screenshots@mozilla.org	WARN	Loading extension 'screenshots@mozilla.org': Reading manifest: Invalid extension permission: mozillaAddons
1576442269169	addons.webextension.screenshots@mozilla.org	WARN	Loading extension 'screenshots@mozilla.org': Reading manifest: Invalid extension permission: telemetry
1576442269169	addons.webextension.screenshots@mozilla.org	WARN	Loading extension 'screenshots@mozilla.org': Reading manifest: Invalid extension permission: resource://pdf.js/
1576442269169	addons.webextension.screenshots@mozilla.org	WARN	Loading extension 'screenshots@mozilla.org': Reading manifest: Invalid extension permission: about:reader*
1576442273118	Marionette	INFO	Listening on port 32805
1576442273138	Marionette	WARN	TLS certificate errors will be ignored for this session
1576442279686	Marionette	INFO	Stopped listening on port 32805
1576442285363	mozrunner::runner	INFO	Running command: "/usr/bin/firefox" "-marionette" "-headless" "-foreground" "-no-remote" "-profile" "/tmp/rust_mozprofile2Meun4"
*** You are running in headless mode.
1576442286263	addons.webextension.screenshots@mozilla.org	WARN	Loading extension 'screenshots@mozilla.org': Reading manifest: Invalid extension permission: mozillaAddons
1576442286264	addons.webextension.screenshots@mozilla.org	WARN	Loading extension 'screenshots@mozilla.org': Reading manifest: Invalid extension permission: telemetry
1576442286264	addons.webextension.screenshots@mozilla.org	WARN	Loading extension 'screenshots@mozilla.org': Reading manifest: Invalid extension permission: resource://pdf.js/
1576442286264	addons.webextension.screenshots@mozilla.org	WARN	Loading extension 'screenshots@mozilla.org': Reading manifest: Invalid extension permission: about:reader*
1576442290153	Marionette	INFO	Listening on port 33840
1576442290178	Marionette	WARN	TLS certificate errors will be ignored for this session
1576442302920	Marionette	INFO	Stopped listening on port 33840
1576442371620	mozrunner::runner	INFO	Running command: "/usr/bin/firefox" "-marionette" "-headless" "-foreground" "-no-remote" "-profile" "/tmp/rust_mozprofileGQAeZf"
*** You are running in headless mode.
1576442372479	addons.webextension.screenshots@mozilla.org	WARN	Loading extension 'screenshots@mozilla.org': Reading manifest: Invalid extension permission: mozillaAddons
1576442372479	addons.webextension.screenshots@mozilla.org	WARN	Loading extension 'screenshots@mozilla.org': Reading manifest: Invalid extension permission: telemetry
1576442372479	addons.webextension.screenshots@mozilla.org	WARN	Loading extension 'screenshots@mozilla.org': Reading manifest: Invalid extension permission: resource://pdf.js/
1576442372479	addons.webextension.screenshots@mozilla.org	WARN	Loading extension 'screenshots@mozilla.org': Reading manifest: Invalid extension permission: about:reader*
1576442376274	Marionette	INFO	Listening on port 34640
1576442376333	Marionette	WARN	TLS certificate errors will be ignored for this session
1576442392388	Marionette	INFO	Stopped listening on port 34640
1576442430459	mozrunner::runner	INFO	Running command: "/usr/bin/firefox" "-marionette" "-headless" "-foreground" "-no-remote" "-profile" "/tmp/rust_mozprofileEeLhmD"
*** You are running in headless mode.
1576442431336	addons.webextension.screenshots@mozilla.org	WARN	Loading extension 'screenshots@mozilla.org': Reading manifest: Invalid extension permission: mozillaAddons
1576442431337	addons.webextension.screenshots@mozilla.org	WARN	Loading extension 'screenshots@mozilla.org': Reading manifest: Invalid extension permission: telemetry
1576442431337	addons.webextension.screenshots@mozilla.org	WARN	Loading extension 'screenshots@mozilla.org': Reading manifest: Invalid extension permission: resource://pdf.js/
1576442431337	addons.webextension.screenshots@mozilla.org	WARN	Loading extension 'screenshots@mozilla.org': Reading manifest: Invalid extension permission: about:reader*
1576442435230	Marionette	INFO	Listening on port 37782
1576442435272	Marionette	WARN	TLS certificate errors will be ignored for this session
1576442450353	Marionette	INFO	Stopped listening on port 37782
1576442467020	mozrunner::runner	INFO	Running command: "/usr/bin/firefox" "-marionette" "-headless" "-foreground" "-no-remote" "-profile" "/tmp/rust_mozprofile3CZ202"
*** You are running in headless mode.
1576442468282	addons.webextension.screenshots@mozilla.org	WARN	Loading extension 'screenshots@mozilla.org': Reading manifest: Invalid extension permission: mozillaAddons
1576442468282	addons.webextension.screenshots@mozilla.org	WARN	Loading extension 'screenshots@mozilla.org': Reading manifest: Invalid extension permission: telemetry
1576442468283	addons.webextension.screenshots@mozilla.org	WARN	Loading extension 'screenshots@mozilla.org': Reading manifest: Invalid extension permission: resource://pdf.js/
1576442468283	addons.webextension.screenshots@mozilla.org	WARN	Loading extension 'screenshots@mozilla.org': Reading manifest: Invalid extension permission: about:reader*
1576442472239	Marionette	INFO	Listening on port 38008
1576442472339	Marionette	WARN	TLS certificate errors will be ignored for this session
1576442485458	Marionette	INFO	Stopped listening on port 38008
1576443979660	mozrunner::runner	INFO	Running command: "/usr/bin/firefox" "-marionette" "-headless" "-foreground" "-no-remote" "-profile" "/tmp/rust_mozprofilejRSqUv"
*** You are running in headless mode.
1576443980765	addons.webextension.screenshots@mozilla.org	WARN	Loading extension 'screenshots@mozilla.org': Reading manifest: Invalid extension permission: mozillaAddons
1576443980765	addons.webextension.screenshots@mozilla.org	WARN	Loading extension 'screenshots@mozilla.org': Reading manifest: Invalid extension permission: telemetry
1576443980765	addons.webextension.screenshots@mozilla.org	WARN	Loading extension 'screenshots@mozilla.org': Reading manifest: Invalid extension permission: resource://pdf.js/
1576443980765	addons.webextension.screenshots@mozilla.org	WARN	Loading extension 'screenshots@mozilla.org': Reading manifest: Invalid extension permission: about:reader*
1576443984785	Marionette	INFO	Listening on port 39886
1576443984816	Marionette	WARN	TLS certificate errors will be ignored for this session
1576443991329	Marionette	INFO	Stopped listening on port 39886
1576443998177	mozrunner::runner	INFO	Running command: "/usr/bin/firefox" "-marionette" "-headless" "-foreground" "-no-remote" "-profile" "/tmp/rust_mozprofiledoSP8f"
*** You are running in headless mode.
1576443998988	addons.webextension.screenshots@mozilla.org	WARN	Loading extension 'screenshots@mozilla.org': Reading manifest: Invalid extension permission: mozillaAddons
1576443998988	addons.webextension.screenshots@mozilla.org	WARN	Loading extension 'screenshots@mozilla.org': Reading manifest: Invalid extension permission: telemetry
1576443998988	addons.webextension.screenshots@mozilla.org	WARN	Loading extension 'screenshots@mozilla.org': Reading manifest: Invalid extension permission: resource://pdf.js/
1576443998989	addons.webextension.screenshots@mozilla.org	WARN	Loading extension 'screenshots@mozilla.org': Reading manifest: Invalid extension permission: about:reader*
1576444002653	Marionette	INFO	Listening on port 39094
1576444002698	Marionette	WARN	TLS certificate errors will be ignored for this session
1576444027376	Marionette	INFO	Stopped listening on port 39094
1576445098256	mozrunner::runner	INFO	Running command: "/usr/bin/firefox" "-marionette" "-headless" "-foreground" "-no-remote" "-profile" "/tmp/rust_mozprofile56iS50"
*** You are running in headless mode.
1576445099021	addons.webextension.screenshots@mozilla.org	WARN	Loading extension 'screenshots@mozilla.org': Reading manifest: Invalid extension permission: mozillaAddons
1576445099022	addons.webextension.screenshots@mozilla.org	WARN	Loading extension 'screenshots@mozilla.org': Reading manifest: Invalid extension permission: telemetry
1576445099022	addons.webextension.screenshots@mozilla.org	WARN	Loading extension 'screenshots@mozilla.org': Reading manifest: Invalid extension permission: resource://pdf.js/
1576445099022	addons.webextension.screenshots@mozilla.org	WARN	Loading extension 'screenshots@mozilla.org': Reading manifest: Invalid extension permission: about:reader*
1576445102185	Marionette	INFO	Listening on port 43075
1576445102283	Marionette	WARN	TLS certificate errors will be ignored for this session
JavaScript warning: https://smartcampus.wifirst.net/assets/application-4af8eb7ef5ce1c551937b768a2fdca59.js, line 27: Error: WebGL warning: <SetDimensions>: Can't use WebGL in headless mode (https://bugzil.la/1375585).
JavaScript warning: https://smartcampus.wifirst.net/assets/application-4af8eb7ef5ce1c551937b768a2fdca59.js, line 27: Error: WebGL warning: <SetDimensions>: Failed to create WebGL context: WebGL creation failed: 
* Can't use WebGL in headless mode (https://bugzil.la/1375585).
JavaScript warning: https://smartcampus.wifirst.net/assets/application-4af8eb7ef5ce1c551937b768a2fdca59.js, line 27: Error: WebGL warning: <SetDimensions>: Can't use WebGL in headless mode (https://bugzil.la/1375585).
JavaScript warning: https://smartcampus.wifirst.net/assets/application-4af8eb7ef5ce1c551937b768a2fdca59.js, line 27: Error: WebGL warning: <SetDimensions>: Failed to create WebGL context: WebGL creation failed: 
* Can't use WebGL in headless mode (https://bugzil.la/1375585).
1576445141525	mozrunner::runner	INFO	Running command: "/usr/bin/firefox" "-marionette" "-headless" "-foreground" "-no-remote" "-profile" "/tmp/rust_mozprofileeUEiHs"
*** You are running in headless mode.
1576445142273	addons.webextension.screenshots@mozilla.org	WARN	Loading extension 'screenshots@mozilla.org': Reading manifest: Invalid extension permission: mozillaAddons
1576445142273	addons.webextension.screenshots@mozilla.org	WARN	Loading extension 'screenshots@mozilla.org': Reading manifest: Invalid extension permission: telemetry
1576445142274	addons.webextension.screenshots@mozilla.org	WARN	Loading extension 'screenshots@mozilla.org': Reading manifest: Invalid extension permission: resource://pdf.js/
1576445142274	addons.webextension.screenshots@mozilla.org	WARN	Loading extension 'screenshots@mozilla.org': Reading manifest: Invalid extension permission: about:reader*
1576445145896	Marionette	INFO	Listening on port 46205
1576445145972	Marionette	WARN	TLS certificate errors will be ignored for this session
JavaScript warning: https://smartcampus.wifirst.net/assets/application-4af8eb7ef5ce1c551937b768a2fdca59.js, line 27: Error: WebGL warning: <SetDimensions>: Can't use WebGL in headless mode (https://bugzil.la/1375585).
JavaScript warning: https://smartcampus.wifirst.net/assets/application-4af8eb7ef5ce1c551937b768a2fdca59.js, line 27: Error: WebGL warning: <SetDimensions>: Failed to create WebGL context: WebGL creation failed: 
* Can't use WebGL in headless mode (https://bugzil.la/1375585).
JavaScript warning: https://smartcampus.wifirst.net/assets/application-4af8eb7ef5ce1c551937b768a2fdca59.js, line 27: Error: WebGL warning: <SetDimensions>: Can't use WebGL in headless mode (https://bugzil.la/1375585).
JavaScript warning: https://smartcampus.wifirst.net/assets/application-4af8eb7ef5ce1c551937b768a2fdca59.js, line 27: Error: WebGL warning: <SetDimensions>: Failed to create WebGL context: WebGL creation failed: 
* Can't use WebGL in headless mode (https://bugzil.la/1375585).
1576568659336	mozrunner::runner	INFO	Running command: "/usr/bin/firefox" "-marionette" "-headless" "-foreground" "-no-remote" "-profile" "/tmp/rust_mozprofileV6cT7B"
*** You are running in headless mode.
1576568660320	addons.webextension.screenshots@mozilla.org	WARN	Loading extension 'screenshots@mozilla.org': Reading manifest: Invalid extension permission: mozillaAddons
1576568660321	addons.webextension.screenshots@mozilla.org	WARN	Loading extension 'screenshots@mozilla.org': Reading manifest: Invalid extension permission: telemetry
1576568660321	addons.webextension.screenshots@mozilla.org	WARN	Loading extension 'screenshots@mozilla.org': Reading manifest: Invalid extension permission: resource://pdf.js/
1576568660321	addons.webextension.screenshots@mozilla.org	WARN	Loading extension 'screenshots@mozilla.org': Reading manifest: Invalid extension permission: about:reader*
1576568663830	Marionette	INFO	Listening on port 34777
1576568663881	Marionette	WARN	TLS certificate errors will be ignored for this session
JavaScript error: https://captiveportal-login.univ-amu.fr/upload/custom/AMU-PC/amu.index.html?cmd=login&mac=4c:bb:58:14:5d:58&ip=172.30.129.233&essid=%28Aix%2AMarseille%20universite&apname=AP_26.1.2&apgroup=Mrs-Luminy&url=https%3A%2F%2Fdblp%2Euni%2Dtrier%2Ede%2Fsearch%3Fq%3Dnicolas%2520durand, line 15: ReferenceError: resultatProbleme is not defined
JavaScript error: https://captiveportal-login.univ-amu.fr/upload/custom/AMU-PC/amu.index.html?cmd=login&mac=4c:bb:58:14:5d:58&ip=172.30.129.233&essid=%28Aix%2AMarseille%20universite&apname=AP_26.1.2&apgroup=Mrs-Luminy&url=https%3A%2F%2Fdblp%2Euni%2Dtrier%2Ede%2Fsearch%3Fq%3Dnicolas%2520durand, line 25: ReferenceError: resultatTest is not defined
JavaScript error: https://captiveportal-login.univ-amu.fr/upload/custom/AMU-PC/amu.index.html?cmd=login&mac=4c:bb:58:14:5d:58&ip=172.30.129.233&essid=%28Aix%2AMarseille%20universite&apname=AP_26.1.2&apgroup=Mrs-Luminy&url=https%3A%2F%2Fdblp%2Euni%2Dtrier%2Ede%2F, line 15: ReferenceError: resultatProbleme is not defined
JavaScript error: https://captiveportal-login.univ-amu.fr/upload/custom/AMU-PC/amu.index.html?cmd=login&mac=4c:bb:58:14:5d:58&ip=172.30.129.233&essid=%28Aix%2AMarseille%20universite&apname=AP_26.1.2&apgroup=Mrs-Luminy&url=https%3A%2F%2Fdblp%2Euni%2Dtrier%2Ede%2F, line 25: ReferenceError: resultatTest is not defined
1576568693754	Marionette	INFO	Stopped listening on port 34777
1576570821676	mozrunner::runner	INFO	Running command: "/usr/bin/firefox" "-marionette" "-headless" "-foreground" "-no-remote" "-profile" "/tmp/rust_mozprofilegYGEuq"
*** You are running in headless mode.
1576570822901	addons.webextension.screenshots@mozilla.org	WARN	Loading extension 'screenshots@mozilla.org': Reading manifest: Invalid extension permission: mozillaAddons
1576570822902	addons.webextension.screenshots@mozilla.org	WARN	Loading extension 'screenshots@mozilla.org': Reading manifest: Invalid extension permission: telemetry
1576570822902	addons.webextension.screenshots@mozilla.org	WARN	Loading extension 'screenshots@mozilla.org': Reading manifest: Invalid extension permission: resource://pdf.js/
1576570822902	addons.webextension.screenshots@mozilla.org	WARN	Loading extension 'screenshots@mozilla.org': Reading manifest: Invalid extension permission: about:reader*
1576570826280	Marionette	INFO	Listening on port 46322
1576570826322	Marionette	WARN	TLS certificate errors will be ignored for this session
1576571173541	Marionette	INFO	Stopped listening on port 46322
JavaScript error: , line 0: AbortError: A request was aborted, for example through a call to IDBTransaction.abort.
